*
* Visual Studio Code Server
*
* By using the software, you agree to
* the Visual Studio Code Server License Terms (https://aka.ms/vscode-server-license) and
* the Microsoft Privacy Statement (https://privacy.microsoft.com/en-US/privacystatement).
*
Server bound to 127.0.0.1:37275 (IPv4)
Extension host agent listening on 37275

[16:27:25] Extension host agent started.
[16:27:25] [127.0.0.1][e9912e21][ExtensionHostConnection] New connection established.
[16:27:25] [127.0.0.1][c2bf0fa2][ManagementConnection] New connection established.
[16:27:26] [127.0.0.1][e9912e21][ExtensionHostConnection] <1313> Launched Extension Host Process.
[IPC Library: Pty Host]  WARN Shell integration cannot be enabled for executable "/bin/sh" and args [
  '-c',
  'wget --version > /dev/null\n' +
    'if [ $? -eq 0 ]\n' +
    'then\n' +
    "\twget --connect-timeout=7 --tries=1 --dns-timeout=7 -q --header='Metadata:true' -O - http://169.254.169.254/metadata/instance?api-version=2019-03-11\n" +
    'else\n' +
    '\tcurl --version > /dev/null\n' +
    '\tif [ $? -eq 0 ]\n' +
    '\tthen\n' +
    "\t\tcurl --connect-timeout 7 -s --header='Metadata:true' http://169.254.169.254/metadata/instance?api-version=2019-03-11\n" +
    '\tfi\n' +
    'fi\n' +
    'exit 0'
]
[IPC Library: Pty Host]  WARN Shell integration cannot be enabled for executable "/bin/sh" and args [
  '-c',
  'wget --version > /dev/null\n' +
    'if [ $? -eq 0 ]\n' +
    'then\n' +
    '\twget --connect-timeout=7 --tries=1 --dns-timeout=7 -q  -O - http://169.254.169.254/latest/meta-data/instance-id\n' +
    'else\n' +
    '\tcurl --version > /dev/null\n' +
    '\tif [ $? -eq 0 ]\n' +
    '\tthen\n' +
    '\t\tcurl --connect-timeout 7 -s  http://169.254.169.254/latest/meta-data/instance-id\n' +
    '\tfi\n' +
    'fi\n' +
    'exit 0'
]
[IPC Library: Pty Host]  WARN Shell integration cannot be enabled for executable "/bin/sh" and args [
  '-c',
  'wget --version > /dev/null\n' +
    'if [ $? -eq 0 ]\n' +
    'then\n' +
    '\twget --connect-timeout=7 --tries=1 --dns-timeout=7 -q  -O - http://169.254.169.254/metadata/v1/id\n' +
    'else\n' +
    '\tcurl --version > /dev/null\n' +
    '\tif [ $? -eq 0 ]\n' +
    '\tthen\n' +
    '\t\tcurl --connect-timeout 7 -s  http://169.254.169.254/metadata/v1/id\n' +
    '\tfi\n' +
    'fi\n' +
    'exit 0'
]
[IPC Library: Pty Host]  WARN Shell integration cannot be enabled for executable "/bin/sh" and args [
  '-c',
  'wget --version > /dev/null\n' +
    'if [ $? -eq 0 ]\n' +
    'then\n' +
    "\twget --connect-timeout=7 --tries=1 --dns-timeout=7 -q --header='Metadata-Flavor:Google' -O - http://metadata.google.internal/computeMetadata/v1/instance/id\n" +
    'else\n' +
    '\tcurl --version > /dev/null\n' +
    '\tif [ $? -eq 0 ]\n' +
    '\tthen\n' +
    "\t\tcurl --connect-timeout 7 -s --header='Metadata-Flavor:Google' http://metadata.google.internal/computeMetadata/v1/instance/id\n" +
    '\tfi\n' +
    'fi\n' +
    'exit 0'
]
[16:33:27] Getting Manifest... ms-azuretools.vscode-docker
[16:33:28] Installing extension: ms-azuretools.vscode-docker
[16:33:36] Extracted extension to /home/chernyshov_aa1/.vscode-server/extensions/.bebcbe42-db35-45ae-9f99-f60a89fa2313: ms-azuretools.vscode-docker
[16:33:36] Renamed to /home/chernyshov_aa1/.vscode-server/extensions/ms-azuretools.vscode-docker-1.23.3
[16:33:36] Extracting completed. ms-azuretools.vscode-docker
[16:33:36] Extension installed successfully: ms-azuretools.vscode-docker
[node.js fs] readdir with filetypes failed with error:  [Error: EACCES: permission denied, scandir '/home/chernyshov_aa1/data'] {
  errno: -13,
  code: 'EACCES',
  syscall: 'scandir',
  path: '/home/chernyshov_aa1/data'
}
[node.js fs] readdir with filetypes failed with error:  [Error: EACCES: permission denied, scandir '/home/chernyshov_aa1/data'] {
  errno: -13,
  code: 'EACCES',
  syscall: 'scandir',
  path: '/home/chernyshov_aa1/data'
}
[18:20:52] [File Watcher (parcel)] Unexpected error: std::bad_alloc (EUNKNOWN) (path: /home/chernyshov_aa1)
[18:20:52] [File Watcher (universal)] restarting watcher after error: std::bad_alloc
